<?xml version="1.0" encoding="UTF-8"?>
<!-- Generated by org.testng.reporters.JUnitReportReporter -->
<testsuite hostname="CYBERSPACE" failures="0" tests="1" name="Selenium.SeleniumTest" time="9.089" errors="0" timestamp="2023-06-26T12:29:53 BDT" skipped="0">
  <testcase classname="Selenium.SeleniumTest" name="login" time="9.089"/>
  <system-out/>
</testsuite> <!-- Selenium.SeleniumTest -->
