<?xml version="1.0" encoding="UTF-8"?>
<!-- Generated by org.testng.reporters.JUnitReportReporter -->
<testsuite hostname="CYBERSPACE" failures="0" tests="2" name="Selenium.SeleniumTest" time="12.155" errors="0" timestamp="2023-07-07T00:09:13 BDT" skipped="0">
  <testcase classname="Selenium.SeleniumTest" name="login" time="9.812"/>
  <system-out/>
  <testcase classname="Selenium.SeleniumTest" name="invalid_login" time="2.343"/>
  <system-out/>
</testsuite> <!-- Selenium.SeleniumTest -->
