<?xml version="1.0" encoding="UTF-8"?>
<!-- Generated by org.testng.reporters.JUnitReportReporter -->
<testsuite hostname="CYBERSPACE" failures="0" tests="1" name="Selenium.SeleniumTest" time="8.274" errors="0" timestamp="2023-06-26T13:28:30 BDT" skipped="0">
  <testcase classname="Selenium.SeleniumTest" name="login" time="8.274"/>
  <system-out/>
</testsuite> <!-- Selenium.SeleniumTest -->
